{"Agent":"PostmanRuntime/7.28.4","DataSize":69,"HostName":"LIN","IP":"::1","Method":"GET","Path":"/api/v1/category?pagesize=1\u0026pagenum=2","SpendTime":"6 ms","level":"info","msg":"","status":200,"time":"2022-01-11 00:02:15"}
{"Agent":"PostmanRuntime/7.28.4","DataSize":69,"HostName":"LIN","IP":"::1","Method":"GET","Path":"/api/v1/category?pagesize=1\u0026pagenum=2","SpendTime":"2 ms","level":"info","msg":"","status":200,"time":"2022-01-11 00:03:35"}
{"Agent":"PostmanRuntime/7.28.4","DataSize":69,"HostName":"LIN","IP":"::1","Method":"GET","Path":"/api/v1/category?pagesize=1\u0026pagenum=2","SpendTime":"1 ms","level":"info","msg":"","status":200,"time":"2022-01-11 00:03:51"}
{"Agent":"PostmanRuntime/7.28.4","DataSize":561,"HostName":"LIN","IP":"::1","Method":"GET","Path":"/api/v1/users?pagesize=3\u0026pagenum=1","SpendTime":"3 ms","level":"info","msg":"","status":200,"time":"2022-01-11 00:04:27"}
{"Agent":"PostmanRuntime/7.28.4","DataSize":69,"HostName":"LIN","IP":"::1","Method":"GET","Path":"/api/v1/category?pagesize=1\u0026pagenum=2","SpendTime":"1 ms","level":"info","msg":"","status":200,"time":"2022-01-11 00:06:01"}
{"Agent":"PostmanRuntime/7.28.4","DataSize":69,"HostName":"LIN","IP":"::1","Method":"GET","Path":"/api/v1/category?pagesize=1\u0026pagenum=2","SpendTime":"16 ms","level":"info","msg":"","status":200,"time":"2022-01-11 00:06:42"}
{"Agent":"Mozilla/5.0 (Macintosh; Intel Mac OS X 10_15_7) AppleWebKit/537.36 (KHTML, like Gecko) Chrome/97.0.4692.71 Safari/537.36","DataSize":3716,"HostName":"LIN","IP":"::1","Method":"GET","Path":"/swagger/index.html","SpendTime":"0 ms","level":"info","msg":"","status":200,"time":"2022-01-11 21:34:49"}
{"Agent":"Mozilla/5.0 (Macintosh; Intel Mac OS X 10_15_7) AppleWebKit/537.36 (KHTML, like Gecko) Chrome/97.0.4692.71 Safari/537.36","DataSize":154240,"HostName":"LIN","IP":"::1","Method":"GET","Path":"/swagger/swagger-ui.css","SpendTime":"0 ms","level":"info","msg":"","status":200,"time":"2022-01-11 21:34:49"}
{"Agent":"Mozilla/5.0 (Macintosh; Intel Mac OS X 10_15_7) AppleWebKit/537.36 (KHTML, like Gecko) Chrome/97.0.4692.71 Safari/537.36","DataSize":329622,"HostName":"LIN","IP":"::1","Method":"GET","Path":"/swagger/swagger-ui-standalone-preset.js","SpendTime":"0 ms","level":"info","msg":"","status":200,"time":"2022-01-11 21:34:49"}
{"Agent":"Mozilla/5.0 (Macintosh; Intel Mac OS X 10_15_7) AppleWebKit/537.36 (KHTML, like Gecko) Chrome/97.0.4692.71 Safari/537.36","DataSize":962278,"HostName":"LIN","IP":"::1","Method":"GET","Path":"/swagger/swagger-ui-bundle.js","SpendTime":"6 ms","level":"info","msg":"","status":200,"time":"2022-01-11 21:34:49"}
{"Agent":"Mozilla/5.0 (Macintosh; Intel Mac OS X 10_15_7) AppleWebKit/537.36 (KHTML, like Gecko) Chrome/97.0.4692.71 Safari/537.36","DataSize":0,"HostName":"LIN","IP":"::1","Method":"GET","Path":"/swagger/doc.json","SpendTime":"0 ms","level":"error","msg":"","status":500,"time":"2022-01-11 21:34:50"}
{"Agent":"Mozilla/5.0 (Macintosh; Intel Mac OS X 10_15_7) AppleWebKit/537.36 (KHTML, like Gecko) Chrome/97.0.4692.71 Safari/537.36","DataSize":628,"HostName":"LIN","IP":"::1","Method":"GET","Path":"/swagger/favicon-32x32.png","SpendTime":"0 ms","level":"info","msg":"","status":200,"time":"2022-01-11 21:34:50"}
{"Agent":"Mozilla/5.0 (Macintosh; Intel Mac OS X 10_15_7) AppleWebKit/537.36 (KHTML, like Gecko) Chrome/97.0.4692.71 Safari/537.36","DataSize":3716,"HostName":"LIN","IP":"::1","Method":"GET","Path":"/swagger/index.html","SpendTime":"0 ms","level":"info","msg":"","status":200,"time":"2022-01-11 21:38:48"}
{"Agent":"Mozilla/5.0 (Macintosh; Intel Mac OS X 10_15_7) AppleWebKit/537.36 (KHTML, like Gecko) Chrome/97.0.4692.71 Safari/537.36","DataSize":154240,"HostName":"LIN","IP":"::1","Method":"GET","Path":"/swagger/swagger-ui.css","SpendTime":"0 ms","level":"info","msg":"","status":200,"time":"2022-01-11 21:38:48"}
{"Agent":"Mozilla/5.0 (Macintosh; Intel Mac OS X 10_15_7) AppleWebKit/537.36 (KHTML, like Gecko) Chrome/97.0.4692.71 Safari/537.36","DataSize":329622,"HostName":"LIN","IP":"::1","Method":"GET","Path":"/swagger/swagger-ui-standalone-preset.js","SpendTime":"0 ms","level":"info","msg":"","status":200,"time":"2022-01-11 21:38:48"}
{"Agent":"Mozilla/5.0 (Macintosh; Intel Mac OS X 10_15_7) AppleWebKit/537.36 (KHTML, like Gecko) Chrome/97.0.4692.71 Safari/537.36","DataSize":962278,"HostName":"LIN","IP":"::1","Method":"GET","Path":"/swagger/swagger-ui-bundle.js","SpendTime":"5 ms","level":"info","msg":"","status":200,"time":"2022-01-11 21:38:48"}
{"Agent":"Mozilla/5.0 (Macintosh; Intel Mac OS X 10_15_7) AppleWebKit/537.36 (KHTML, like Gecko) Chrome/97.0.4692.71 Safari/537.36","DataSize":210,"HostName":"LIN","IP":"::1","Method":"GET","Path":"/swagger/doc.json","SpendTime":"0 ms","level":"info","msg":"","status":200,"time":"2022-01-11 21:38:49"}
{"Agent":"Mozilla/5.0 (Macintosh; Intel Mac OS X 10_15_7) AppleWebKit/537.36 (KHTML, like Gecko) Chrome/97.0.4692.71 Safari/537.36","DataSize":628,"HostName":"LIN","IP":"::1","Method":"GET","Path":"/swagger/favicon-32x32.png","SpendTime":"0 ms","level":"info","msg":"","status":200,"time":"2022-01-11 21:38:49"}
{"Agent":"Mozilla/5.0 (Macintosh; Intel Mac OS X 10_15_7) AppleWebKit/537.36 (KHTML, like Gecko) Chrome/97.0.4692.71 Safari/537.36","DataSize":3716,"HostName":"LIN","IP":"::1","Method":"GET","Path":"/swagger/index.html","SpendTime":"0 ms","level":"info","msg":"","status":200,"time":"2022-01-11 22:00:22"}
{"Agent":"Mozilla/5.0 (Macintosh; Intel Mac OS X 10_15_7) AppleWebKit/537.36 (KHTML, like Gecko) Chrome/97.0.4692.71 Safari/537.36","DataSize":154240,"HostName":"LIN","IP":"::1","Method":"GET","Path":"/swagger/swagger-ui.css","SpendTime":"0 ms","level":"info","msg":"","status":200,"time":"2022-01-11 22:00:22"}
{"Agent":"Mozilla/5.0 (Macintosh; Intel Mac OS X 10_15_7) AppleWebKit/537.36 (KHTML, like Gecko) Chrome/97.0.4692.71 Safari/537.36","DataSize":329622,"HostName":"LIN","IP":"::1","Method":"GET","Path":"/swagger/swagger-ui-standalone-preset.js","SpendTime":"0 ms","level":"info","msg":"","status":200,"time":"2022-01-11 22:00:23"}
{"Agent":"Mozilla/5.0 (Macintosh; Intel Mac OS X 10_15_7) AppleWebKit/537.36 (KHTML, like Gecko) Chrome/97.0.4692.71 Safari/537.36","DataSize":962278,"HostName":"LIN","IP":"::1","Method":"GET","Path":"/swagger/swagger-ui-bundle.js","SpendTime":"8 ms","level":"info","msg":"","status":200,"time":"2022-01-11 22:00:23"}
{"Agent":"Mozilla/5.0 (Macintosh; Intel Mac OS X 10_15_7) AppleWebKit/537.36 (KHTML, like Gecko) Chrome/97.0.4692.71 Safari/537.36","DataSize":2354,"HostName":"LIN","IP":"::1","Method":"GET","Path":"/swagger/doc.json","SpendTime":"0 ms","level":"info","msg":"","status":200,"time":"2022-01-11 22:00:23"}
{"Agent":"Mozilla/5.0 (Macintosh; Intel Mac OS X 10_15_7) AppleWebKit/537.36 (KHTML, like Gecko) Chrome/97.0.4692.71 Safari/537.36","DataSize":628,"HostName":"LIN","IP":"::1","Method":"GET","Path":"/swagger/favicon-32x32.png","SpendTime":"0 ms","level":"info","msg":"","status":200,"time":"2022-01-11 22:00:24"}
{"Agent":"Mozilla/5.0 (Macintosh; Intel Mac OS X 10_15_7) AppleWebKit/537.36 (KHTML, like Gecko) Chrome/97.0.4692.71 Safari/537.36","DataSize":3716,"HostName":"LIN","IP":"::1","Method":"GET","Path":"/swagger/index.html","SpendTime":"1 ms","level":"info","msg":"","status":200,"time":"2022-01-11 22:03:45"}
{"Agent":"Mozilla/5.0 (Macintosh; Intel Mac OS X 10_15_7) AppleWebKit/537.36 (KHTML, like Gecko) Chrome/97.0.4692.71 Safari/537.36","DataSize":154240,"HostName":"LIN","IP":"::1","Method":"GET","Path":"/swagger/swagger-ui.css","SpendTime":"0 ms","level":"info","msg":"","status":200,"time":"2022-01-11 22:03:45"}
{"Agent":"Mozilla/5.0 (Macintosh; Intel Mac OS X 10_15_7) AppleWebKit/537.36 (KHTML, like Gecko) Chrome/97.0.4692.71 Safari/537.36","DataSize":329622,"HostName":"LIN","IP":"::1","Method":"GET","Path":"/swagger/swagger-ui-standalone-preset.js","SpendTime":"0 ms","level":"info","msg":"","status":200,"time":"2022-01-11 22:03:45"}
{"Agent":"Mozilla/5.0 (Macintosh; Intel Mac OS X 10_15_7) AppleWebKit/537.36 (KHTML, like Gecko) Chrome/97.0.4692.71 Safari/537.36","DataSize":962278,"HostName":"LIN","IP":"::1","Method":"GET","Path":"/swagger/swagger-ui-bundle.js","SpendTime":"10 ms","level":"info","msg":"","status":200,"time":"2022-01-11 22:03:45"}
{"Agent":"Mozilla/5.0 (Macintosh; Intel Mac OS X 10_15_7) AppleWebKit/537.36 (KHTML, like Gecko) Chrome/97.0.4692.71 Safari/537.36","DataSize":3250,"HostName":"LIN","IP":"::1","Method":"GET","Path":"/swagger/doc.json","SpendTime":"0 ms","level":"info","msg":"","status":200,"time":"2022-01-11 22:03:46"}
{"Agent":"Mozilla/5.0 (Macintosh; Intel Mac OS X 10_15_7) AppleWebKit/537.36 (KHTML, like Gecko) Chrome/97.0.4692.71 Safari/537.36","DataSize":628,"HostName":"LIN","IP":"::1","Method":"GET","Path":"/swagger/favicon-32x32.png","SpendTime":"0 ms","level":"info","msg":"","status":200,"time":"2022-01-11 22:03:46"}
{"Agent":"Mozilla/5.0 (Macintosh; Intel Mac OS X 10_15_7) AppleWebKit/537.36 (KHTML, like Gecko) Chrome/97.0.4692.71 Safari/537.36","DataSize":0,"HostName":"LIN","IP":"::1","Method":"POST","Path":"/user/add","SpendTime":"0 ms","level":"warning","msg":"","status":404,"time":"2022-01-11 22:05:30"}
{"Agent":"Mozilla/5.0 (Macintosh; Intel Mac OS X 10_15_7) AppleWebKit/537.36 (KHTML, like Gecko) Chrome/97.0.4692.71 Safari/537.36","DataSize":3716,"HostName":"LIN","IP":"::1","Method":"GET","Path":"/swagger/index.html","SpendTime":"1 ms","level":"info","msg":"","status":200,"time":"2022-01-11 22:11:06"}
{"Agent":"Mozilla/5.0 (Macintosh; Intel Mac OS X 10_15_7) AppleWebKit/537.36 (KHTML, like Gecko) Chrome/97.0.4692.71 Safari/537.36","DataSize":154240,"HostName":"LIN","IP":"::1","Method":"GET","Path":"/swagger/swagger-ui.css","SpendTime":"0 ms","level":"info","msg":"","status":200,"time":"2022-01-11 22:11:06"}
{"Agent":"Mozilla/5.0 (Macintosh; Intel Mac OS X 10_15_7) AppleWebKit/537.36 (KHTML, like Gecko) Chrome/97.0.4692.71 Safari/537.36","DataSize":329622,"HostName":"LIN","IP":"::1","Method":"GET","Path":"/swagger/swagger-ui-standalone-preset.js","SpendTime":"0 ms","level":"info","msg":"","status":200,"time":"2022-01-11 22:11:07"}
{"Agent":"Mozilla/5.0 (Macintosh; Intel Mac OS X 10_15_7) AppleWebKit/537.36 (KHTML, like Gecko) Chrome/97.0.4692.71 Safari/537.36","DataSize":962278,"HostName":"LIN","IP":"::1","Method":"GET","Path":"/swagger/swagger-ui-bundle.js","SpendTime":"6 ms","level":"info","msg":"","status":200,"time":"2022-01-11 22:11:07"}
{"Agent":"Mozilla/5.0 (Macintosh; Intel Mac OS X 10_15_7) AppleWebKit/537.36 (KHTML, like Gecko) Chrome/97.0.4692.71 Safari/537.36","DataSize":3250,"HostName":"LIN","IP":"::1","Method":"GET","Path":"/swagger/doc.json","SpendTime":"0 ms","level":"info","msg":"","status":200,"time":"2022-01-11 22:11:08"}
{"Agent":"Mozilla/5.0 (Macintosh; Intel Mac OS X 10_15_7) AppleWebKit/537.36 (KHTML, like Gecko) Chrome/97.0.4692.71 Safari/537.36","DataSize":628,"HostName":"LIN","IP":"::1","Method":"GET","Path":"/swagger/favicon-32x32.png","SpendTime":"0 ms","level":"info","msg":"","status":200,"time":"2022-01-11 22:11:08"}
{"Agent":"Mozilla/5.0 (Macintosh; Intel Mac OS X 10_15_7) AppleWebKit/537.36 (KHTML, like Gecko) Chrome/97.0.4692.71 Safari/537.36","DataSize":3716,"HostName":"LIN","IP":"::1","Method":"GET","Path":"/swagger/index.html","SpendTime":"0 ms","level":"info","msg":"","status":200,"time":"2022-01-11 22:11:17"}
{"Agent":"Mozilla/5.0 (Macintosh; Intel Mac OS X 10_15_7) AppleWebKit/537.36 (KHTML, like Gecko) Chrome/97.0.4692.71 Safari/537.36","DataSize":154240,"HostName":"LIN","IP":"::1","Method":"GET","Path":"/swagger/swagger-ui.css","SpendTime":"0 ms","level":"info","msg":"","status":200,"time":"2022-01-11 22:11:17"}
{"Agent":"Mozilla/5.0 (Macintosh; Intel Mac OS X 10_15_7) AppleWebKit/537.36 (KHTML, like Gecko) Chrome/97.0.4692.71 Safari/537.36","DataSize":329622,"HostName":"LIN","IP":"::1","Method":"GET","Path":"/swagger/swagger-ui-standalone-preset.js","SpendTime":"0 ms","level":"info","msg":"","status":200,"time":"2022-01-11 22:11:17"}
{"Agent":"Mozilla/5.0 (Macintosh; Intel Mac OS X 10_15_7) AppleWebKit/537.36 (KHTML, like Gecko) Chrome/97.0.4692.71 Safari/537.36","DataSize":962278,"HostName":"LIN","IP":"::1","Method":"GET","Path":"/swagger/swagger-ui-bundle.js","SpendTime":"5 ms","level":"info","msg":"","status":200,"time":"2022-01-11 22:11:17"}
{"Agent":"Mozilla/5.0 (Macintosh; Intel Mac OS X 10_15_7) AppleWebKit/537.36 (KHTML, like Gecko) Chrome/97.0.4692.71 Safari/537.36","DataSize":3250,"HostName":"LIN","IP":"::1","Method":"GET","Path":"/swagger/doc.json","SpendTime":"0 ms","level":"info","msg":"","status":200,"time":"2022-01-11 22:11:17"}
{"Agent":"Mozilla/5.0 (Macintosh; Intel Mac OS X 10_15_7) AppleWebKit/537.36 (KHTML, like Gecko) Chrome/97.0.4692.71 Safari/537.36","DataSize":628,"HostName":"LIN","IP":"::1","Method":"GET","Path":"/swagger/favicon-32x32.png","SpendTime":"0 ms","level":"info","msg":"","status":200,"time":"2022-01-11 22:11:17"}
{"Agent":"Mozilla/5.0 (Macintosh; Intel Mac OS X 10_15_7) AppleWebKit/537.36 (KHTML, like Gecko) Chrome/97.0.4692.71 Safari/537.36","DataSize":0,"HostName":"LIN","IP":"::1","Method":"POST","Path":"/user/add","SpendTime":"0 ms","level":"warning","msg":"","status":404,"time":"2022-01-11 22:12:17"}
{"Agent":"Mozilla/5.0 (Macintosh; Intel Mac OS X 10_15_7) AppleWebKit/537.36 (KHTML, like Gecko) Chrome/97.0.4692.71 Safari/537.36","DataSize":3716,"HostName":"LIN","IP":"::1","Method":"GET","Path":"/swagger/index.html","SpendTime":"0 ms","level":"info","msg":"","status":200,"time":"2022-01-11 22:15:06"}
{"Agent":"Mozilla/5.0 (Macintosh; Intel Mac OS X 10_15_7) AppleWebKit/537.36 (KHTML, like Gecko) Chrome/97.0.4692.71 Safari/537.36","DataSize":154240,"HostName":"LIN","IP":"::1","Method":"GET","Path":"/swagger/swagger-ui.css","SpendTime":"0 ms","level":"info","msg":"","status":200,"time":"2022-01-11 22:15:06"}
{"Agent":"Mozilla/5.0 (Macintosh; Intel Mac OS X 10_15_7) AppleWebKit/537.36 (KHTML, like Gecko) Chrome/97.0.4692.71 Safari/537.36","DataSize":329622,"HostName":"LIN","IP":"::1","Method":"GET","Path":"/swagger/swagger-ui-standalone-preset.js","SpendTime":"0 ms","level":"info","msg":"","status":200,"time":"2022-01-11 22:15:06"}
{"Agent":"Mozilla/5.0 (Macintosh; Intel Mac OS X 10_15_7) AppleWebKit/537.36 (KHTML, like Gecko) Chrome/97.0.4692.71 Safari/537.36","DataSize":962278,"HostName":"LIN","IP":"::1","Method":"GET","Path":"/swagger/swagger-ui-bundle.js","SpendTime":"15 ms","level":"info","msg":"","status":200,"time":"2022-01-11 22:15:06"}
{"Agent":"Mozilla/5.0 (Macintosh; Intel Mac OS X 10_15_7) AppleWebKit/537.36 (KHTML, like Gecko) Chrome/97.0.4692.71 Safari/537.36","DataSize":628,"HostName":"LIN","IP":"::1","Method":"GET","Path":"/swagger/favicon-32x32.png","SpendTime":"0 ms","level":"info","msg":"","status":200,"time":"2022-01-11 22:15:07"}
{"Agent":"Mozilla/5.0 (Macintosh; Intel Mac OS X 10_15_7) AppleWebKit/537.36 (KHTML, like Gecko) Chrome/97.0.4692.71 Safari/537.36","DataSize":3257,"HostName":"LIN","IP":"::1","Method":"GET","Path":"/swagger/doc.json","SpendTime":"0 ms","level":"info","msg":"","status":200,"time":"2022-01-11 22:15:07"}
{"Agent":"Mozilla/5.0 (Macintosh; Intel Mac OS X 10_15_7) AppleWebKit/537.36 (KHTML, like Gecko) Chrome/97.0.4692.71 Safari/537.36","DataSize":3716,"HostName":"LIN","IP":"::1","Method":"GET","Path":"/swagger/index.html","SpendTime":"0 ms","level":"info","msg":"","status":200,"time":"2022-01-11 22:15:59"}
{"Agent":"Mozilla/5.0 (Macintosh; Intel Mac OS X 10_15_7) AppleWebKit/537.36 (KHTML, like Gecko) Chrome/97.0.4692.71 Safari/537.36","DataSize":154240,"HostName":"LIN","IP":"::1","Method":"GET","Path":"/swagger/swagger-ui.css","SpendTime":"0 ms","level":"info","msg":"","status":200,"time":"2022-01-11 22:15:59"}
{"Agent":"Mozilla/5.0 (Macintosh; Intel Mac OS X 10_15_7) AppleWebKit/537.36 (KHTML, like Gecko) Chrome/97.0.4692.71 Safari/537.36","DataSize":329622,"HostName":"LIN","IP":"::1","Method":"GET","Path":"/swagger/swagger-ui-standalone-preset.js","SpendTime":"0 ms","level":"info","msg":"","status":200,"time":"2022-01-11 22:15:59"}
{"Agent":"Mozilla/5.0 (Macintosh; Intel Mac OS X 10_15_7) AppleWebKit/537.36 (KHTML, like Gecko) Chrome/97.0.4692.71 Safari/537.36","DataSize":962278,"HostName":"LIN","IP":"::1","Method":"GET","Path":"/swagger/swagger-ui-bundle.js","SpendTime":"7 ms","level":"info","msg":"","status":200,"time":"2022-01-11 22:15:59"}
{"Agent":"Mozilla/5.0 (Macintosh; Intel Mac OS X 10_15_7) AppleWebKit/537.36 (KHTML, like Gecko) Chrome/97.0.4692.71 Safari/537.36","DataSize":628,"HostName":"LIN","IP":"::1","Method":"GET","Path":"/swagger/favicon-32x32.png","SpendTime":"0 ms","level":"info","msg":"","status":200,"time":"2022-01-11 22:16:00"}
{"Agent":"Mozilla/5.0 (Macintosh; Intel Mac OS X 10_15_7) AppleWebKit/537.36 (KHTML, like Gecko) Chrome/97.0.4692.71 Safari/537.36","DataSize":3635,"HostName":"LIN","IP":"::1","Method":"GET","Path":"/swagger/doc.json","SpendTime":"0 ms","level":"info","msg":"","status":200,"time":"2022-01-11 22:16:00"}
{"level":"INFO","time":"2022-01-11 22:16:24","msg":"验证信息错误：用户名为必填字段"}
{"Agent":"Mozilla/5.0 (Macintosh; Intel Mac OS X 10_15_7) AppleWebKit/537.36 (KHTML, like Gecko) Chrome/97.0.4692.71 Safari/537.36","DataSize":47,"HostName":"LIN","IP":"::1","Method":"POST","Path":"/api/v1/user/add","SpendTime":"1 ms","level":"info","msg":"","status":200,"time":"2022-01-11 22:16:24"}
{"level":"INFO","time":"2022-01-11 22:18:27","msg":"验证信息错误：用户名为必填字段"}
{"Agent":"Mozilla/5.0 (Macintosh; Intel Mac OS X 10_15_7) AppleWebKit/537.36 (KHTML, like Gecko) Chrome/97.0.4692.71 Safari/537.36","DataSize":47,"HostName":"LIN","IP":"::1","Method":"POST","Path":"/api/v1/user/add","SpendTime":"0 ms","level":"info","msg":"","status":200,"time":"2022-01-11 22:18:27"}
{"level":"INFO","time":"2022-01-11 22:22:26","msg":"验证信息错误：用户名为必填字段"}
{"Agent":"Mozilla/5.0 (Macintosh; Intel Mac OS X 10_15_7) AppleWebKit/537.36 (KHTML, like Gecko) Chrome/97.0.4692.71 Safari/537.36","DataSize":47,"HostName":"LIN","IP":"::1","Method":"POST","Path":"/api/v1/user/add","SpendTime":"0 ms","level":"info","msg":"","status":200,"time":"2022-01-11 22:22:26"}
{"Agent":"Mozilla/5.0 (Macintosh; Intel Mac OS X 10_15_7) AppleWebKit/537.36 (KHTML, like Gecko) Chrome/97.0.4692.71 Safari/537.36","DataSize":3716,"HostName":"LIN","IP":"::1","Method":"GET","Path":"/swagger/index.html","SpendTime":"1 ms","level":"info","msg":"","status":200,"time":"2022-01-11 22:28:13"}
{"Agent":"Mozilla/5.0 (Macintosh; Intel Mac OS X 10_15_7) AppleWebKit/537.36 (KHTML, like Gecko) Chrome/97.0.4692.71 Safari/537.36","DataSize":154240,"HostName":"LIN","IP":"::1","Method":"GET","Path":"/swagger/swagger-ui.css","SpendTime":"0 ms","level":"info","msg":"","status":200,"time":"2022-01-11 22:28:13"}
{"Agent":"Mozilla/5.0 (Macintosh; Intel Mac OS X 10_15_7) AppleWebKit/537.36 (KHTML, like Gecko) Chrome/97.0.4692.71 Safari/537.36","DataSize":329622,"HostName":"LIN","IP":"::1","Method":"GET","Path":"/swagger/swagger-ui-standalone-preset.js","SpendTime":"0 ms","level":"info","msg":"","status":200,"time":"2022-01-11 22:28:13"}
{"Agent":"Mozilla/5.0 (Macintosh; Intel Mac OS X 10_15_7) AppleWebKit/537.36 (KHTML, like Gecko) Chrome/97.0.4692.71 Safari/537.36","DataSize":962278,"HostName":"LIN","IP":"::1","Method":"GET","Path":"/swagger/swagger-ui-bundle.js","SpendTime":"6 ms","level":"info","msg":"","status":200,"time":"2022-01-11 22:28:13"}
{"Agent":"Mozilla/5.0 (Macintosh; Intel Mac OS X 10_15_7) AppleWebKit/537.36 (KHTML, like Gecko) Chrome/97.0.4692.71 Safari/537.36","DataSize":628,"HostName":"LIN","IP":"::1","Method":"GET","Path":"/swagger/favicon-32x32.png","SpendTime":"0 ms","level":"info","msg":"","status":200,"time":"2022-01-11 22:28:14"}
{"Agent":"Mozilla/5.0 (Macintosh; Intel Mac OS X 10_15_7) AppleWebKit/537.36 (KHTML, like Gecko) Chrome/97.0.4692.71 Safari/537.36","DataSize":3459,"HostName":"LIN","IP":"::1","Method":"GET","Path":"/swagger/doc.json","SpendTime":"0 ms","level":"info","msg":"","status":200,"time":"2022-01-11 22:28:14"}
{"level":"INFO","time":"2022-01-11 22:30:00","msg":"验证信息错误：用户名为必填字段"}
{"Agent":"Mozilla/5.0 (Macintosh; Intel Mac OS X 10_15_7) AppleWebKit/537.36 (KHTML, like Gecko) Chrome/97.0.4692.71 Safari/537.36","DataSize":47,"HostName":"LIN","IP":"::1","Method":"POST","Path":"/api/v1/user/add","SpendTime":"1 ms","level":"info","msg":"","status":200,"time":"2022-01-11 22:30:00"}
{"level":"INFO","time":"2022-01-11 22:30:49","msg":"验证信息错误：用户名为必填字段"}
{"Agent":"Mozilla/5.0 (Macintosh; Intel Mac OS X 10_15_7) AppleWebKit/537.36 (KHTML, like Gecko) Chrome/97.0.4692.71 Safari/537.36","DataSize":47,"HostName":"LIN","IP":"::1","Method":"POST","Path":"/api/v1/user/add","SpendTime":"0 ms","level":"info","msg":"","status":200,"time":"2022-01-11 22:30:49"}
{"level":"INFO","time":"2022-01-11 22:38:54","msg":"验证信息错误：用户名为必填字段"}
{"Agent":"Mozilla/5.0 (Macintosh; Intel Mac OS X 10_15_7) AppleWebKit/537.36 (KHTML, like Gecko) Chrome/97.0.4692.71 Safari/537.36","DataSize":47,"HostName":"LIN","IP":"::1","Method":"POST","Path":"/api/v1/user/add","SpendTime":"0 ms","level":"info","msg":"","status":200,"time":"2022-01-11 22:38:54"}
{"Agent":"Mozilla/5.0 (Macintosh; Intel Mac OS X 10_15_7) AppleWebKit/537.36 (KHTML, like Gecko) Chrome/97.0.4692.71 Safari/537.36","DataSize":3716,"HostName":"LIN","IP":"::1","Method":"GET","Path":"/swagger/index.html","SpendTime":"0 ms","level":"info","msg":"","status":200,"time":"2022-01-11 22:44:52"}
{"Agent":"Mozilla/5.0 (Macintosh; Intel Mac OS X 10_15_7) AppleWebKit/537.36 (KHTML, like Gecko) Chrome/97.0.4692.71 Safari/537.36","DataSize":154240,"HostName":"LIN","IP":"::1","Method":"GET","Path":"/swagger/swagger-ui.css","SpendTime":"0 ms","level":"info","msg":"","status":200,"time":"2022-01-11 22:44:53"}
{"Agent":"Mozilla/5.0 (Macintosh; Intel Mac OS X 10_15_7) AppleWebKit/537.36 (KHTML, like Gecko) Chrome/97.0.4692.71 Safari/537.36","DataSize":329622,"HostName":"LIN","IP":"::1","Method":"GET","Path":"/swagger/swagger-ui-standalone-preset.js","SpendTime":"0 ms","level":"info","msg":"","status":200,"time":"2022-01-11 22:44:53"}
{"Agent":"Mozilla/5.0 (Macintosh; Intel Mac OS X 10_15_7) AppleWebKit/537.36 (KHTML, like Gecko) Chrome/97.0.4692.71 Safari/537.36","DataSize":962278,"HostName":"LIN","IP":"::1","Method":"GET","Path":"/swagger/swagger-ui-bundle.js","SpendTime":"9 ms","level":"info","msg":"","status":200,"time":"2022-01-11 22:44:53"}
{"Agent":"Mozilla/5.0 (Macintosh; Intel Mac OS X 10_15_7) AppleWebKit/537.36 (KHTML, like Gecko) Chrome/97.0.4692.71 Safari/537.36","DataSize":3459,"HostName":"LIN","IP":"::1","Method":"GET","Path":"/swagger/doc.json","SpendTime":"0 ms","level":"info","msg":"","status":200,"time":"2022-01-11 22:44:54"}
{"Agent":"Mozilla/5.0 (Macintosh; Intel Mac OS X 10_15_7) AppleWebKit/537.36 (KHTML, like Gecko) Chrome/97.0.4692.71 Safari/537.36","DataSize":628,"HostName":"LIN","IP":"::1","Method":"GET","Path":"/swagger/favicon-32x32.png","SpendTime":"0 ms","level":"info","msg":"","status":200,"time":"2022-01-11 22:44:54"}
{"Agent":"Mozilla/5.0 (Macintosh; Intel Mac OS X 10_15_7) AppleWebKit/537.36 (KHTML, like Gecko) Chrome/97.0.4692.71 Safari/537.36","DataSize":3716,"HostName":"LIN","IP":"::1","Method":"GET","Path":"/swagger/index.html","SpendTime":"0 ms","level":"info","msg":"","status":200,"time":"2022-01-11 22:46:33"}
{"Agent":"Mozilla/5.0 (Macintosh; Intel Mac OS X 10_15_7) AppleWebKit/537.36 (KHTML, like Gecko) Chrome/97.0.4692.71 Safari/537.36","DataSize":154240,"HostName":"LIN","IP":"::1","Method":"GET","Path":"/swagger/swagger-ui.css","SpendTime":"0 ms","level":"info","msg":"","status":200,"time":"2022-01-11 22:46:33"}
{"Agent":"Mozilla/5.0 (Macintosh; Intel Mac OS X 10_15_7) AppleWebKit/537.36 (KHTML, like Gecko) Chrome/97.0.4692.71 Safari/537.36","DataSize":329622,"HostName":"LIN","IP":"::1","Method":"GET","Path":"/swagger/swagger-ui-standalone-preset.js","SpendTime":"0 ms","level":"info","msg":"","status":200,"time":"2022-01-11 22:46:33"}
{"Agent":"Mozilla/5.0 (Macintosh; Intel Mac OS X 10_15_7) AppleWebKit/537.36 (KHTML, like Gecko) Chrome/97.0.4692.71 Safari/537.36","DataSize":962278,"HostName":"LIN","IP":"::1","Method":"GET","Path":"/swagger/swagger-ui-bundle.js","SpendTime":"4 ms","level":"info","msg":"","status":200,"time":"2022-01-11 22:46:33"}
{"Agent":"Mozilla/5.0 (Macintosh; Intel Mac OS X 10_15_7) AppleWebKit/537.36 (KHTML, like Gecko) Chrome/97.0.4692.71 Safari/537.36","DataSize":3466,"HostName":"LIN","IP":"::1","Method":"GET","Path":"/swagger/doc.json","SpendTime":"0 ms","level":"info","msg":"","status":200,"time":"2022-01-11 22:46:34"}
{"Agent":"Mozilla/5.0 (Macintosh; Intel Mac OS X 10_15_7) AppleWebKit/537.36 (KHTML, like Gecko) Chrome/97.0.4692.71 Safari/537.36","DataSize":628,"HostName":"LIN","IP":"::1","Method":"GET","Path":"/swagger/favicon-32x32.png","SpendTime":"0 ms","level":"info","msg":"","status":200,"time":"2022-01-11 22:46:34"}
{"Agent":"Mozilla/5.0 (Macintosh; Intel Mac OS X 10_15_7) AppleWebKit/537.36 (KHTML, like Gecko) Chrome/97.0.4692.71 Safari/537.36","DataSize":3716,"HostName":"LIN","IP":"::1","Method":"GET","Path":"/swagger/index.html","SpendTime":"0 ms","level":"info","msg":"","status":200,"time":"2022-01-11 22:53:02"}
{"Agent":"Mozilla/5.0 (Macintosh; Intel Mac OS X 10_15_7) AppleWebKit/537.36 (KHTML, like Gecko) Chrome/97.0.4692.71 Safari/537.36","DataSize":154240,"HostName":"LIN","IP":"::1","Method":"GET","Path":"/swagger/swagger-ui.css","SpendTime":"0 ms","level":"info","msg":"","status":200,"time":"2022-01-11 22:53:02"}
{"Agent":"Mozilla/5.0 (Macintosh; Intel Mac OS X 10_15_7) AppleWebKit/537.36 (KHTML, like Gecko) Chrome/97.0.4692.71 Safari/537.36","DataSize":329622,"HostName":"LIN","IP":"::1","Method":"GET","Path":"/swagger/swagger-ui-standalone-preset.js","SpendTime":"0 ms","level":"info","msg":"","status":200,"time":"2022-01-11 22:53:02"}
{"Agent":"Mozilla/5.0 (Macintosh; Intel Mac OS X 10_15_7) AppleWebKit/537.36 (KHTML, like Gecko) Chrome/97.0.4692.71 Safari/537.36","DataSize":962278,"HostName":"LIN","IP":"::1","Method":"GET","Path":"/swagger/swagger-ui-bundle.js","SpendTime":"6 ms","level":"info","msg":"","status":200,"time":"2022-01-11 22:53:02"}
{"Agent":"Mozilla/5.0 (Macintosh; Intel Mac OS X 10_15_7) AppleWebKit/537.36 (KHTML, like Gecko) Chrome/97.0.4692.71 Safari/537.36","DataSize":4577,"HostName":"LIN","IP":"::1","Method":"GET","Path":"/swagger/doc.json","SpendTime":"0 ms","level":"info","msg":"","status":200,"time":"2022-01-11 22:53:03"}
{"Agent":"Mozilla/5.0 (Macintosh; Intel Mac OS X 10_15_7) AppleWebKit/537.36 (KHTML, like Gecko) Chrome/97.0.4692.71 Safari/537.36","DataSize":628,"HostName":"LIN","IP":"::1","Method":"GET","Path":"/swagger/favicon-32x32.png","SpendTime":"0 ms","level":"info","msg":"","status":200,"time":"2022-01-11 22:53:03"}
{"Agent":"Mozilla/5.0 (Macintosh; Intel Mac OS X 10_15_7) AppleWebKit/537.36 (KHTML, like Gecko) Chrome/97.0.4692.71 Safari/537.36","DataSize":209,"HostName":"LIN","IP":"::1","Method":"GET","Path":"/api/v1/article/info/1","SpendTime":"5 ms","level":"info","msg":"","status":200,"time":"2022-01-11 22:53:15"}
{"Agent":"Mozilla/5.0 (Macintosh; Intel Mac OS X 10_15_7) AppleWebKit/537.36 (KHTML, like Gecko) Chrome/97.0.4692.71 Safari/537.36","DataSize":209,"HostName":"LIN","IP":"::1","Method":"GET","Path":"/api/v1/article/info/100","SpendTime":"3 ms","level":"info","msg":"","status":200,"time":"2022-01-11 22:54:26"}
{"Agent":"Mozilla/5.0 (Macintosh; Intel Mac OS X 10_15_7) AppleWebKit/537.36 (KHTML, like Gecko) Chrome/97.0.4692.71 Safari/537.36","DataSize":3716,"HostName":"LIN","IP":"::1","Method":"GET","Path":"/swagger/index.html","SpendTime":"1 ms","level":"info","msg":"","status":200,"time":"2022-01-11 22:55:14"}
{"Agent":"Mozilla/5.0 (Macintosh; Intel Mac OS X 10_15_7) AppleWebKit/537.36 (KHTML, like Gecko) Chrome/97.0.4692.71 Safari/537.36","DataSize":154240,"HostName":"LIN","IP":"::1","Method":"GET","Path":"/swagger/swagger-ui.css","SpendTime":"0 ms","level":"info","msg":"","status":200,"time":"2022-01-11 22:55:14"}
{"Agent":"Mozilla/5.0 (Macintosh; Intel Mac OS X 10_15_7) AppleWebKit/537.36 (KHTML, like Gecko) Chrome/97.0.4692.71 Safari/537.36","DataSize":329622,"HostName":"LIN","IP":"::1","Method":"GET","Path":"/swagger/swagger-ui-standalone-preset.js","SpendTime":"0 ms","level":"info","msg":"","status":200,"time":"2022-01-11 22:55:14"}
{"Agent":"Mozilla/5.0 (Macintosh; Intel Mac OS X 10_15_7) AppleWebKit/537.36 (KHTML, like Gecko) Chrome/97.0.4692.71 Safari/537.36","DataSize":962278,"HostName":"LIN","IP":"::1","Method":"GET","Path":"/swagger/swagger-ui-bundle.js","SpendTime":"8 ms","level":"info","msg":"","status":200,"time":"2022-01-11 22:55:14"}
{"Agent":"Mozilla/5.0 (Macintosh; Intel Mac OS X 10_15_7) AppleWebKit/537.36 (KHTML, like Gecko) Chrome/97.0.4692.71 Safari/537.36","DataSize":4615,"HostName":"LIN","IP":"::1","Method":"GET","Path":"/swagger/doc.json","SpendTime":"0 ms","level":"info","msg":"","status":200,"time":"2022-01-11 22:55:15"}
{"Agent":"Mozilla/5.0 (Macintosh; Intel Mac OS X 10_15_7) AppleWebKit/537.36 (KHTML, like Gecko) Chrome/97.0.4692.71 Safari/537.36","DataSize":628,"HostName":"LIN","IP":"::1","Method":"GET","Path":"/swagger/favicon-32x32.png","SpendTime":"0 ms","level":"info","msg":"","status":200,"time":"2022-01-11 22:55:15"}
{"Agent":"Mozilla/5.0 (Macintosh; Intel Mac OS X 10_15_7) AppleWebKit/537.36 (KHTML, like Gecko) Chrome/97.0.4692.71 Safari/537.36","DataSize":209,"HostName":"LIN","IP":"::1","Method":"GET","Path":"/api/v1/article/info/1","SpendTime":"3 ms","level":"info","msg":"","status":200,"time":"2022-01-11 22:55:20"}
{"level":"INFO","time":"2022-01-11 22:59:11","msg":"验证信息错误：用户名为必填字段"}
{"Agent":"Mozilla/5.0 (Macintosh; Intel Mac OS X 10_15_7) AppleWebKit/537.36 (KHTML, like Gecko) Chrome/97.0.4692.71 Safari/537.36","DataSize":47,"HostName":"LIN","IP":"::1","Method":"POST","Path":"/api/v1/user/add","SpendTime":"1 ms","level":"info","msg":"","status":200,"time":"2022-01-11 22:59:11"}
{"level":"INFO","time":"2022-01-11 22:59:31","msg":"验证信息错误：用户名为必填字段"}
{"Agent":"Mozilla/5.0 (Macintosh; Intel Mac OS X 10_15_7) AppleWebKit/537.36 (KHTML, like Gecko) Chrome/97.0.4692.71 Safari/537.36","DataSize":47,"HostName":"LIN","IP":"::1","Method":"POST","Path":"/api/v1/user/add","SpendTime":"3 ms","level":"info","msg":"","status":200,"time":"2022-01-11 22:59:31"}
{"level":"INFO","time":"2022-01-11 22:59:52","msg":"验证信息错误：用户名为必填字段"}
{"Agent":"Mozilla/5.0 (Macintosh; Intel Mac OS X 10_15_7) AppleWebKit/537.36 (KHTML, like Gecko) Chrome/97.0.4692.71 Safari/537.36","DataSize":47,"HostName":"LIN","IP":"::1","Method":"POST","Path":"/api/v1/user/add","SpendTime":"0 ms","level":"info","msg":"","status":200,"time":"2022-01-11 22:59:52"}
{"level":"INFO","time":"2022-01-11 23:00:02","msg":"验证信息错误：用户名为必填字段"}
{"Agent":"Mozilla/5.0 (Macintosh; Intel Mac OS X 10_15_7) AppleWebKit/537.36 (KHTML, like Gecko) Chrome/97.0.4692.71 Safari/537.36","DataSize":47,"HostName":"LIN","IP":"::1","Method":"POST","Path":"/api/v1/user/add","SpendTime":"0 ms","level":"info","msg":"","status":200,"time":"2022-01-11 23:00:02"}
{"level":"INFO","time":"2022-01-11 23:00:20","msg":"验证信息错误：用户名为必填字段"}
{"Agent":"Mozilla/5.0 (Macintosh; Intel Mac OS X 10_15_7) AppleWebKit/537.36 (KHTML, like Gecko) Chrome/97.0.4692.71 Safari/537.36","DataSize":47,"HostName":"LIN","IP":"::1","Method":"POST","Path":"/api/v1/user/add","SpendTime":"0 ms","level":"info","msg":"","status":200,"time":"2022-01-11 23:00:20"}
{"Agent":"Mozilla/5.0 (Macintosh; Intel Mac OS X 10_15_7) AppleWebKit/537.36 (KHTML, like Gecko) Chrome/97.0.4692.71 Safari/537.36","DataSize":3716,"HostName":"LIN","IP":"::1","Method":"GET","Path":"/swagger/index.html","SpendTime":"0 ms","level":"info","msg":"","status":200,"time":"2022-01-11 23:04:20"}
{"Agent":"Mozilla/5.0 (Macintosh; Intel Mac OS X 10_15_7) AppleWebKit/537.36 (KHTML, like Gecko) Chrome/97.0.4692.71 Safari/537.36","DataSize":154240,"HostName":"LIN","IP":"::1","Method":"GET","Path":"/swagger/swagger-ui.css","SpendTime":"0 ms","level":"info","msg":"","status":200,"time":"2022-01-11 23:04:20"}
{"Agent":"Mozilla/5.0 (Macintosh; Intel Mac OS X 10_15_7) AppleWebKit/537.36 (KHTML, like Gecko) Chrome/97.0.4692.71 Safari/537.36","DataSize":329622,"HostName":"LIN","IP":"::1","Method":"GET","Path":"/swagger/swagger-ui-standalone-preset.js","SpendTime":"0 ms","level":"info","msg":"","status":200,"time":"2022-01-11 23:04:20"}
{"Agent":"Mozilla/5.0 (Macintosh; Intel Mac OS X 10_15_7) AppleWebKit/537.36 (KHTML, like Gecko) Chrome/97.0.4692.71 Safari/537.36","DataSize":962278,"HostName":"LIN","IP":"::1","Method":"GET","Path":"/swagger/swagger-ui-bundle.js","SpendTime":"1 ms","level":"info","msg":"","status":200,"time":"2022-01-11 23:04:20"}
{"Agent":"Mozilla/5.0 (Macintosh; Intel Mac OS X 10_15_7) AppleWebKit/537.36 (KHTML, like Gecko) Chrome/97.0.4692.71 Safari/537.36","DataSize":4429,"HostName":"LIN","IP":"::1","Method":"GET","Path":"/swagger/doc.json","SpendTime":"0 ms","level":"info","msg":"","status":200,"time":"2022-01-11 23:04:21"}
{"Agent":"Mozilla/5.0 (Macintosh; Intel Mac OS X 10_15_7) AppleWebKit/537.36 (KHTML, like Gecko) Chrome/97.0.4692.71 Safari/537.36","DataSize":628,"HostName":"LIN","IP":"::1","Method":"GET","Path":"/swagger/favicon-32x32.png","SpendTime":"0 ms","level":"info","msg":"","status":200,"time":"2022-01-11 23:04:21"}
{"level":"INFO","time":"2022-01-11 23:04:40","msg":"验证信息错误：用户名为必填字段"}
{"Agent":"Mozilla/5.0 (Macintosh; Intel Mac OS X 10_15_7) AppleWebKit/537.36 (KHTML, like Gecko) Chrome/97.0.4692.71 Safari/537.36","DataSize":47,"HostName":"LIN","IP":"::1","Method":"POST","Path":"/api/v1/user/add","SpendTime":"2 ms","level":"info","msg":"","status":200,"time":"2022-01-11 23:04:40"}
{"Agent":"Mozilla/5.0 (Macintosh; Intel Mac OS X 10_15_7) AppleWebKit/537.36 (KHTML, like Gecko) Chrome/97.0.4692.71 Safari/537.36","DataSize":3716,"HostName":"LIN","IP":"::1","Method":"GET","Path":"/swagger/index.html","SpendTime":"0 ms","level":"info","msg":"","status":200,"time":"2022-01-11 23:05:45"}
{"Agent":"Mozilla/5.0 (Macintosh; Intel Mac OS X 10_15_7) AppleWebKit/537.36 (KHTML, like Gecko) Chrome/97.0.4692.71 Safari/537.36","DataSize":154240,"HostName":"LIN","IP":"::1","Method":"GET","Path":"/swagger/swagger-ui.css","SpendTime":"0 ms","level":"info","msg":"","status":200,"time":"2022-01-11 23:05:45"}
{"Agent":"Mozilla/5.0 (Macintosh; Intel Mac OS X 10_15_7) AppleWebKit/537.36 (KHTML, like Gecko) Chrome/97.0.4692.71 Safari/537.36","DataSize":329622,"HostName":"LIN","IP":"::1","Method":"GET","Path":"/swagger/swagger-ui-standalone-preset.js","SpendTime":"0 ms","level":"info","msg":"","status":200,"time":"2022-01-11 23:05:45"}
{"Agent":"Mozilla/5.0 (Macintosh; Intel Mac OS X 10_15_7) AppleWebKit/537.36 (KHTML, like Gecko) Chrome/97.0.4692.71 Safari/537.36","DataSize":962278,"HostName":"LIN","IP":"::1","Method":"GET","Path":"/swagger/swagger-ui-bundle.js","SpendTime":"10 ms","level":"info","msg":"","status":200,"time":"2022-01-11 23:05:45"}
{"Agent":"Mozilla/5.0 (Macintosh; Intel Mac OS X 10_15_7) AppleWebKit/537.36 (KHTML, like Gecko) Chrome/97.0.4692.71 Safari/537.36","DataSize":4420,"HostName":"LIN","IP":"::1","Method":"GET","Path":"/swagger/doc.json","SpendTime":"0 ms","level":"info","msg":"","status":200,"time":"2022-01-11 23:05:46"}
{"Agent":"Mozilla/5.0 (Macintosh; Intel Mac OS X 10_15_7) AppleWebKit/537.36 (KHTML, like Gecko) Chrome/97.0.4692.71 Safari/537.36","DataSize":628,"HostName":"LIN","IP":"::1","Method":"GET","Path":"/swagger/favicon-32x32.png","SpendTime":"0 ms","level":"info","msg":"","status":200,"time":"2022-01-11 23:05:46"}
{"level":"INFO","time":"2022-01-11 23:05:57","msg":"验证信息错误：用户名为必填字段"}
{"Agent":"Mozilla/5.0 (Macintosh; Intel Mac OS X 10_15_7) AppleWebKit/537.36 (KHTML, like Gecko) Chrome/97.0.4692.71 Safari/537.36","DataSize":47,"HostName":"LIN","IP":"::1","Method":"POST","Path":"/api/v1/user/add?username=dssssssss\u0026password=asasasas\u0026role=2","SpendTime":"1 ms","level":"info","msg":"","status":200,"time":"2022-01-11 23:05:57"}
{"Agent":"Mozilla/5.0 (Macintosh; Intel Mac OS X 10_15_7) AppleWebKit/537.36 (KHTML, like Gecko) Chrome/97.0.4692.71 Safari/537.36","DataSize":3716,"HostName":"LIN","IP":"::1","Method":"GET","Path":"/swagger/index.html","SpendTime":"0 ms","level":"info","msg":"","status":200,"time":"2022-01-11 23:06:25"}
{"Agent":"Mozilla/5.0 (Macintosh; Intel Mac OS X 10_15_7) AppleWebKit/537.36 (KHTML, like Gecko) Chrome/97.0.4692.71 Safari/537.36","DataSize":154240,"HostName":"LIN","IP":"::1","Method":"GET","Path":"/swagger/swagger-ui.css","SpendTime":"0 ms","level":"info","msg":"","status":200,"time":"2022-01-11 23:06:25"}
{"Agent":"Mozilla/5.0 (Macintosh; Intel Mac OS X 10_15_7) AppleWebKit/537.36 (KHTML, like Gecko) Chrome/97.0.4692.71 Safari/537.36","DataSize":962278,"HostName":"LIN","IP":"::1","Method":"GET","Path":"/swagger/swagger-ui-bundle.js","SpendTime":"0 ms","level":"info","msg":"","status":200,"time":"2022-01-11 23:06:25"}
{"Agent":"Mozilla/5.0 (Macintosh; Intel Mac OS X 10_15_7) AppleWebKit/537.36 (KHTML, like Gecko) Chrome/97.0.4692.71 Safari/537.36","DataSize":329622,"HostName":"LIN","IP":"::1","Method":"GET","Path":"/swagger/swagger-ui-standalone-preset.js","SpendTime":"0 ms","level":"info","msg":"","status":200,"time":"2022-01-11 23:06:25"}
{"Agent":"Mozilla/5.0 (Macintosh; Intel Mac OS X 10_15_7) AppleWebKit/537.36 (KHTML, like Gecko) Chrome/97.0.4692.71 Safari/537.36","DataSize":4615,"HostName":"LIN","IP":"::1","Method":"GET","Path":"/swagger/doc.json","SpendTime":"0 ms","level":"info","msg":"","status":200,"time":"2022-01-11 23:06:26"}
{"Agent":"Mozilla/5.0 (Macintosh; Intel Mac OS X 10_15_7) AppleWebKit/537.36 (KHTML, like Gecko) Chrome/97.0.4692.71 Safari/537.36","DataSize":628,"HostName":"LIN","IP":"::1","Method":"GET","Path":"/swagger/favicon-32x32.png","SpendTime":"0 ms","level":"info","msg":"","status":200,"time":"2022-01-11 23:06:26"}
{"Agent":"Mozilla/5.0 (Macintosh; Intel Mac OS X 10_15_7) AppleWebKit/537.36 (KHTML, like Gecko) Chrome/97.0.4692.71 Safari/537.36","DataSize":3716,"HostName":"LIN","IP":"::1","Method":"GET","Path":"/swagger/index.html","SpendTime":"0 ms","level":"info","msg":"","status":200,"time":"2022-01-11 23:06:28"}
{"Agent":"Mozilla/5.0 (Macintosh; Intel Mac OS X 10_15_7) AppleWebKit/537.36 (KHTML, like Gecko) Chrome/97.0.4692.71 Safari/537.36","DataSize":0,"HostName":"LIN","IP":"::1","Method":"GET","Path":"/swagger/swagger-ui.css","SpendTime":"0 ms","level":"info","msg":"","status":304,"time":"2022-01-11 23:06:28"}
{"Agent":"Mozilla/5.0 (Macintosh; Intel Mac OS X 10_15_7) AppleWebKit/537.36 (KHTML, like Gecko) Chrome/97.0.4692.71 Safari/537.36","DataSize":0,"HostName":"LIN","IP":"::1","Method":"GET","Path":"/swagger/swagger-ui-bundle.js","SpendTime":"0 ms","level":"info","msg":"","status":304,"time":"2022-01-11 23:06:28"}
{"Agent":"Mozilla/5.0 (Macintosh; Intel Mac OS X 10_15_7) AppleWebKit/537.36 (KHTML, like Gecko) Chrome/97.0.4692.71 Safari/537.36","DataSize":0,"HostName":"LIN","IP":"::1","Method":"GET","Path":"/swagger/swagger-ui-standalone-preset.js","SpendTime":"0 ms","level":"info","msg":"","status":304,"time":"2022-01-11 23:06:28"}
{"Agent":"Mozilla/5.0 (Macintosh; Intel Mac OS X 10_15_7) AppleWebKit/537.36 (KHTML, like Gecko) Chrome/97.0.4692.71 Safari/537.36","DataSize":0,"HostName":"LIN","IP":"::1","Method":"GET","Path":"/swagger/favicon-32x32.png","SpendTime":"0 ms","level":"info","msg":"","status":304,"time":"2022-01-11 23:06:28"}
{"Agent":"Mozilla/5.0 (Macintosh; Intel Mac OS X 10_15_7) AppleWebKit/537.36 (KHTML, like Gecko) Chrome/97.0.4692.71 Safari/537.36","DataSize":4615,"HostName":"LIN","IP":"::1","Method":"GET","Path":"/swagger/doc.json","SpendTime":"0 ms","level":"info","msg":"","status":200,"time":"2022-01-11 23:06:28"}
{"level":"INFO","time":"2022-01-11 23:06:39","msg":"验证信息错误：用户名为必填字段"}
{"Agent":"Mozilla/5.0 (Macintosh; Intel Mac OS X 10_15_7) AppleWebKit/537.36 (KHTML, like Gecko) Chrome/97.0.4692.71 Safari/537.36","DataSize":47,"HostName":"LIN","IP":"::1","Method":"POST","Path":"/api/v1/user/add","SpendTime":"1 ms","level":"info","msg":"","status":200,"time":"2022-01-11 23:06:39"}
{"level":"INFO","time":"2022-01-11 23:07:08","msg":"验证信息错误：用户名为必填字段"}
{"Agent":"Mozilla/5.0 (Macintosh; Intel Mac OS X 10_15_7) AppleWebKit/537.36 (KHTML, like Gecko) Chrome/97.0.4692.71 Safari/537.36","DataSize":47,"HostName":"LIN","IP":"::1","Method":"POST","Path":"/api/v1/user/add","SpendTime":"0 ms","level":"info","msg":"","status":200,"time":"2022-01-11 23:07:08"}
{"Agent":"Mozilla/5.0 (Macintosh; Intel Mac OS X 10_15_7) AppleWebKit/537.36 (KHTML, like Gecko) Chrome/97.0.4692.71 Safari/537.36","DataSize":3716,"HostName":"LIN","IP":"::1","Method":"GET","Path":"/swagger/index.html","SpendTime":"0 ms","level":"info","msg":"","status":200,"time":"2022-01-11 23:20:06"}
{"Agent":"Mozilla/5.0 (Macintosh; Intel Mac OS X 10_15_7) AppleWebKit/537.36 (KHTML, like Gecko) Chrome/97.0.4692.71 Safari/537.36","DataSize":154240,"HostName":"LIN","IP":"::1","Method":"GET","Path":"/swagger/swagger-ui.css","SpendTime":"0 ms","level":"info","msg":"","status":200,"time":"2022-01-11 23:20:06"}
{"Agent":"Mozilla/5.0 (Macintosh; Intel Mac OS X 10_15_7) AppleWebKit/537.36 (KHTML, like Gecko) Chrome/97.0.4692.71 Safari/537.36","DataSize":329622,"HostName":"LIN","IP":"::1","Method":"GET","Path":"/swagger/swagger-ui-standalone-preset.js","SpendTime":"0 ms","level":"info","msg":"","status":200,"time":"2022-01-11 23:20:06"}
{"Agent":"Mozilla/5.0 (Macintosh; Intel Mac OS X 10_15_7) AppleWebKit/537.36 (KHTML, like Gecko) Chrome/97.0.4692.71 Safari/537.36","DataSize":962278,"HostName":"LIN","IP":"::1","Method":"GET","Path":"/swagger/swagger-ui-bundle.js","SpendTime":"16 ms","level":"info","msg":"","status":200,"time":"2022-01-11 23:20:06"}
{"Agent":"Mozilla/5.0 (Macintosh; Intel Mac OS X 10_15_7) AppleWebKit/537.36 (KHTML, like Gecko) Chrome/97.0.4692.71 Safari/537.36","DataSize":4607,"HostName":"LIN","IP":"::1","Method":"GET","Path":"/swagger/doc.json","SpendTime":"0 ms","level":"info","msg":"","status":200,"time":"2022-01-11 23:20:07"}
{"Agent":"Mozilla/5.0 (Macintosh; Intel Mac OS X 10_15_7) AppleWebKit/537.36 (KHTML, like Gecko) Chrome/97.0.4692.71 Safari/537.36","DataSize":628,"HostName":"LIN","IP":"::1","Method":"GET","Path":"/swagger/favicon-32x32.png","SpendTime":"0 ms","level":"info","msg":"","status":200,"time":"2022-01-11 23:20:07"}
{"level":"INFO","time":"2022-01-11 23:20:53","msg":"验证信息错误：用户名为必填字段"}
{"Agent":"Mozilla/5.0 (Macintosh; Intel Mac OS X 10_15_7) AppleWebKit/537.36 (KHTML, like Gecko) Chrome/97.0.4692.71 Safari/537.36","DataSize":47,"HostName":"LIN","IP":"::1","Method":"POST","Path":"/api/v1/user/add","SpendTime":"2 ms","level":"info","msg":"","status":200,"time":"2022-01-11 23:20:53"}
{"Agent":"Mozilla/5.0 (Macintosh; Intel Mac OS X 10_15_7) AppleWebKit/537.36 (KHTML, like Gecko) Chrome/97.0.4692.71 Safari/537.36","DataSize":3716,"HostName":"LIN","IP":"::1","Method":"GET","Path":"/swagger/index.html","SpendTime":"1 ms","level":"info","msg":"","status":200,"time":"2022-01-11 23:21:37"}
{"Agent":"Mozilla/5.0 (Macintosh; Intel Mac OS X 10_15_7) AppleWebKit/537.36 (KHTML, like Gecko) Chrome/97.0.4692.71 Safari/537.36","DataSize":154240,"HostName":"LIN","IP":"::1","Method":"GET","Path":"/swagger/swagger-ui.css","SpendTime":"0 ms","level":"info","msg":"","status":200,"time":"2022-01-11 23:21:37"}
{"Agent":"Mozilla/5.0 (Macintosh; Intel Mac OS X 10_15_7) AppleWebKit/537.36 (KHTML, like Gecko) Chrome/97.0.4692.71 Safari/537.36","DataSize":329622,"HostName":"LIN","IP":"::1","Method":"GET","Path":"/swagger/swagger-ui-standalone-preset.js","SpendTime":"1 ms","level":"info","msg":"","status":200,"time":"2022-01-11 23:21:37"}
{"Agent":"Mozilla/5.0 (Macintosh; Intel Mac OS X 10_15_7) AppleWebKit/537.36 (KHTML, like Gecko) Chrome/97.0.4692.71 Safari/537.36","DataSize":962278,"HostName":"LIN","IP":"::1","Method":"GET","Path":"/swagger/swagger-ui-bundle.js","SpendTime":"1 ms","level":"info","msg":"","status":200,"time":"2022-01-11 23:21:37"}
{"Agent":"Mozilla/5.0 (Macintosh; Intel Mac OS X 10_15_7) AppleWebKit/537.36 (KHTML, like Gecko) Chrome/97.0.4692.71 Safari/537.36","DataSize":3716,"HostName":"LIN","IP":"::1","Method":"GET","Path":"/swagger/index.html","SpendTime":"0 ms","level":"info","msg":"","status":200,"time":"2022-01-11 23:21:44"}
{"Agent":"Mozilla/5.0 (Macintosh; Intel Mac OS X 10_15_7) AppleWebKit/537.36 (KHTML, like Gecko) Chrome/97.0.4692.71 Safari/537.36","DataSize":0,"HostName":"LIN","IP":"::1","Method":"GET","Path":"/swagger/swagger-ui.css","SpendTime":"0 ms","level":"info","msg":"","status":304,"time":"2022-01-11 23:21:44"}
{"Agent":"Mozilla/5.0 (Macintosh; Intel Mac OS X 10_15_7) AppleWebKit/537.36 (KHTML, like Gecko) Chrome/97.0.4692.71 Safari/537.36","DataSize":0,"HostName":"LIN","IP":"::1","Method":"GET","Path":"/swagger/swagger-ui-bundle.js","SpendTime":"0 ms","level":"info","msg":"","status":304,"time":"2022-01-11 23:21:44"}
{"Agent":"Mozilla/5.0 (Macintosh; Intel Mac OS X 10_15_7) AppleWebKit/537.36 (KHTML, like Gecko) Chrome/97.0.4692.71 Safari/537.36","DataSize":0,"HostName":"LIN","IP":"::1","Method":"GET","Path":"/swagger/swagger-ui-standalone-preset.js","SpendTime":"0 ms","level":"info","msg":"","status":304,"time":"2022-01-11 23:21:44"}
{"Agent":"Mozilla/5.0 (Macintosh; Intel Mac OS X 10_15_7) AppleWebKit/537.36 (KHTML, like Gecko) Chrome/97.0.4692.71 Safari/537.36","DataSize":4615,"HostName":"LIN","IP":"::1","Method":"GET","Path":"/swagger/doc.json","SpendTime":"0 ms","level":"info","msg":"","status":200,"time":"2022-01-11 23:21:44"}
{"Agent":"Mozilla/5.0 (Macintosh; Intel Mac OS X 10_15_7) AppleWebKit/537.36 (KHTML, like Gecko) Chrome/97.0.4692.71 Safari/537.36","DataSize":628,"HostName":"LIN","IP":"::1","Method":"GET","Path":"/swagger/favicon-32x32.png","SpendTime":"0 ms","level":"info","msg":"","status":200,"time":"2022-01-11 23:21:45"}
{"level":"INFO","time":"2022-01-11 23:22:04","msg":"验证信息错误：用户名为必填字段"}
{"Agent":"Mozilla/5.0 (Macintosh; Intel Mac OS X 10_15_7) AppleWebKit/537.36 (KHTML, like Gecko) Chrome/97.0.4692.71 Safari/537.36","DataSize":47,"HostName":"LIN","IP":"::1","Method":"POST","Path":"/api/v1/user/add","SpendTime":"2 ms","level":"info","msg":"","status":200,"time":"2022-01-11 23:22:04"}
{"Agent":"Mozilla/5.0 (Macintosh; Intel Mac OS X 10_15_7) AppleWebKit/537.36 (KHTML, like Gecko) Chrome/97.0.4692.71 Safari/537.36","DataSize":3716,"HostName":"LIN","IP":"::1","Method":"GET","Path":"/swagger/index.html","SpendTime":"0 ms","level":"info","msg":"","status":200,"time":"2022-01-11 23:40:24"}
{"Agent":"Mozilla/5.0 (Macintosh; Intel Mac OS X 10_15_7) AppleWebKit/537.36 (KHTML, like Gecko) Chrome/97.0.4692.71 Safari/537.36","DataSize":154240,"HostName":"LIN","IP":"::1","Method":"GET","Path":"/swagger/swagger-ui.css","SpendTime":"0 ms","level":"info","msg":"","status":200,"time":"2022-01-11 23:40:24"}
{"Agent":"Mozilla/5.0 (Macintosh; Intel Mac OS X 10_15_7) AppleWebKit/537.36 (KHTML, like Gecko) Chrome/97.0.4692.71 Safari/537.36","DataSize":329622,"HostName":"LIN","IP":"::1","Method":"GET","Path":"/swagger/swagger-ui-standalone-preset.js","SpendTime":"0 ms","level":"info","msg":"","status":200,"time":"2022-01-11 23:40:24"}
{"Agent":"Mozilla/5.0 (Macintosh; Intel Mac OS X 10_15_7) AppleWebKit/537.36 (KHTML, like Gecko) Chrome/97.0.4692.71 Safari/537.36","DataSize":962278,"HostName":"LIN","IP":"::1","Method":"GET","Path":"/swagger/swagger-ui-bundle.js","SpendTime":"6 ms","level":"info","msg":"","status":200,"time":"2022-01-11 23:40:24"}
{"Agent":"Mozilla/5.0 (Macintosh; Intel Mac OS X 10_15_7) AppleWebKit/537.36 (KHTML, like Gecko) Chrome/97.0.4692.71 Safari/537.36","DataSize":4022,"HostName":"LIN","IP":"::1","Method":"GET","Path":"/swagger/doc.json","SpendTime":"0 ms","level":"info","msg":"","status":200,"time":"2022-01-11 23:40:25"}
{"Agent":"Mozilla/5.0 (Macintosh; Intel Mac OS X 10_15_7) AppleWebKit/537.36 (KHTML, like Gecko) Chrome/97.0.4692.71 Safari/537.36","DataSize":628,"HostName":"LIN","IP":"::1","Method":"GET","Path":"/swagger/favicon-32x32.png","SpendTime":"0 ms","level":"info","msg":"","status":200,"time":"2022-01-11 23:40:25"}
{"level":"INFO","time":"2022-01-11 23:40:46","msg":"验证信息错误：角色码必须大于或等于2"}
{"Agent":"Mozilla/5.0 (Macintosh; Intel Mac OS X 10_15_7) AppleWebKit/537.36 (KHTML, like Gecko) Chrome/97.0.4692.71 Safari/537.36","DataSize":54,"HostName":"LIN","IP":"::1","Method":"POST","Path":"/api/v1/user/add","SpendTime":"1 ms","level":"info","msg":"","status":200,"time":"2022-01-11 23:40:46"}
{"level":"INFO","time":"2022-01-11 23:40:57","msg":"新增用户123456:swagger，状态是OK"}
{"Agent":"Mozilla/5.0 (Macintosh; Intel Mac OS X 10_15_7) AppleWebKit/537.36 (KHTML, like Gecko) Chrome/97.0.4692.71 Safari/537.36","DataSize":25,"HostName":"LIN","IP":"::1","Method":"POST","Path":"/api/v1/user/add","SpendTime":"105 ms","level":"info","msg":"","status":200,"time":"2022-01-11 23:40:57"}
{"Agent":"Mozilla/5.0 (Macintosh; Intel Mac OS X 10_15_7) AppleWebKit/537.36 (KHTML, like Gecko) Chrome/97.0.4692.71 Safari/537.36","DataSize":3716,"HostName":"LIN","IP":"::1","Method":"GET","Path":"/swagger/index.html","SpendTime":"0 ms","level":"info","msg":"","status":200,"time":"2022-01-11 23:43:48"}
{"Agent":"Mozilla/5.0 (Macintosh; Intel Mac OS X 10_15_7) AppleWebKit/537.36 (KHTML, like Gecko) Chrome/97.0.4692.71 Safari/537.36","DataSize":154240,"HostName":"LIN","IP":"::1","Method":"GET","Path":"/swagger/swagger-ui.css","SpendTime":"0 ms","level":"info","msg":"","status":200,"time":"2022-01-11 23:43:48"}
{"Agent":"Mozilla/5.0 (Macintosh; Intel Mac OS X 10_15_7) AppleWebKit/537.36 (KHTML, like Gecko) Chrome/97.0.4692.71 Safari/537.36","DataSize":329622,"HostName":"LIN","IP":"::1","Method":"GET","Path":"/swagger/swagger-ui-standalone-preset.js","SpendTime":"0 ms","level":"info","msg":"","status":200,"time":"2022-01-11 23:43:48"}
{"Agent":"Mozilla/5.0 (Macintosh; Intel Mac OS X 10_15_7) AppleWebKit/537.36 (KHTML, like Gecko) Chrome/97.0.4692.71 Safari/537.36","DataSize":962278,"HostName":"LIN","IP":"::1","Method":"GET","Path":"/swagger/swagger-ui-bundle.js","SpendTime":"9 ms","level":"info","msg":"","status":200,"time":"2022-01-11 23:43:48"}
{"Agent":"Mozilla/5.0 (Macintosh; Intel Mac OS X 10_15_7) AppleWebKit/537.36 (KHTML, like Gecko) Chrome/97.0.4692.71 Safari/537.36","DataSize":4022,"HostName":"LIN","IP":"::1","Method":"GET","Path":"/swagger/doc.json","SpendTime":"0 ms","level":"info","msg":"","status":200,"time":"2022-01-11 23:43:49"}
{"Agent":"Mozilla/5.0 (Macintosh; Intel Mac OS X 10_15_7) AppleWebKit/537.36 (KHTML, like Gecko) Chrome/97.0.4692.71 Safari/537.36","DataSize":628,"HostName":"LIN","IP":"::1","Method":"GET","Path":"/swagger/favicon-32x32.png","SpendTime":"0 ms","level":"info","msg":"","status":200,"time":"2022-01-11 23:43:49"}
{"Agent":"Mozilla/5.0 (Macintosh; Intel Mac OS X 10_15_7) AppleWebKit/537.36 (KHTML, like Gecko) Chrome/97.0.4692.71 Safari/537.36","DataSize":3716,"HostName":"LIN","IP":"::1","Method":"GET","Path":"/swagger/index.html","SpendTime":"0 ms","level":"info","msg":"","status":200,"time":"2022-01-11 23:45:15"}
{"Agent":"Mozilla/5.0 (Macintosh; Intel Mac OS X 10_15_7) AppleWebKit/537.36 (KHTML, like Gecko) Chrome/97.0.4692.71 Safari/537.36","DataSize":154240,"HostName":"LIN","IP":"::1","Method":"GET","Path":"/swagger/swagger-ui.css","SpendTime":"0 ms","level":"info","msg":"","status":200,"time":"2022-01-11 23:45:15"}
{"Agent":"Mozilla/5.0 (Macintosh; Intel Mac OS X 10_15_7) AppleWebKit/537.36 (KHTML, like Gecko) Chrome/97.0.4692.71 Safari/537.36","DataSize":329622,"HostName":"LIN","IP":"::1","Method":"GET","Path":"/swagger/swagger-ui-standalone-preset.js","SpendTime":"0 ms","level":"info","msg":"","status":200,"time":"2022-01-11 23:45:15"}
{"Agent":"Mozilla/5.0 (Macintosh; Intel Mac OS X 10_15_7) AppleWebKit/537.36 (KHTML, like Gecko) Chrome/97.0.4692.71 Safari/537.36","DataSize":962278,"HostName":"LIN","IP":"::1","Method":"GET","Path":"/swagger/swagger-ui-bundle.js","SpendTime":"11 ms","level":"info","msg":"","status":200,"time":"2022-01-11 23:45:15"}
{"Agent":"Mozilla/5.0 (Macintosh; Intel Mac OS X 10_15_7) AppleWebKit/537.36 (KHTML, like Gecko) Chrome/97.0.4692.71 Safari/537.36","DataSize":3716,"HostName":"LIN","IP":"::1","Method":"GET","Path":"/swagger/index.html","SpendTime":"0 ms","level":"info","msg":"","status":200,"time":"2022-01-11 23:45:17"}
{"Agent":"Mozilla/5.0 (Macintosh; Intel Mac OS X 10_15_7) AppleWebKit/537.36 (KHTML, like Gecko) Chrome/97.0.4692.71 Safari/537.36","DataSize":0,"HostName":"LIN","IP":"::1","Method":"GET","Path":"/swagger/swagger-ui.css","SpendTime":"0 ms","level":"info","msg":"","status":304,"time":"2022-01-11 23:45:17"}
{"Agent":"Mozilla/5.0 (Macintosh; Intel Mac OS X 10_15_7) AppleWebKit/537.36 (KHTML, like Gecko) Chrome/97.0.4692.71 Safari/537.36","DataSize":0,"HostName":"LIN","IP":"::1","Method":"GET","Path":"/swagger/swagger-ui-bundle.js","SpendTime":"0 ms","level":"info","msg":"","status":304,"time":"2022-01-11 23:45:17"}
{"Agent":"Mozilla/5.0 (Macintosh; Intel Mac OS X 10_15_7) AppleWebKit/537.36 (KHTML, like Gecko) Chrome/97.0.4692.71 Safari/537.36","DataSize":0,"HostName":"LIN","IP":"::1","Method":"GET","Path":"/swagger/swagger-ui-standalone-preset.js","SpendTime":"0 ms","level":"info","msg":"","status":304,"time":"2022-01-11 23:45:17"}
{"Agent":"Mozilla/5.0 (Macintosh; Intel Mac OS X 10_15_7) AppleWebKit/537.36 (KHTML, like Gecko) Chrome/97.0.4692.71 Safari/537.36","DataSize":4078,"HostName":"LIN","IP":"::1","Method":"GET","Path":"/swagger/doc.json","SpendTime":"0 ms","level":"info","msg":"","status":200,"time":"2022-01-11 23:45:17"}
{"Agent":"Mozilla/5.0 (Macintosh; Intel Mac OS X 10_15_7) AppleWebKit/537.36 (KHTML, like Gecko) Chrome/97.0.4692.71 Safari/537.36","DataSize":628,"HostName":"LIN","IP":"::1","Method":"GET","Path":"/swagger/favicon-32x32.png","SpendTime":"0 ms","level":"info","msg":"","status":200,"time":"2022-01-11 23:45:18"}
{"Agent":"Mozilla/5.0 (Macintosh; Intel Mac OS X 10_15_7) AppleWebKit/537.36 (KHTML, like Gecko) Chrome/97.0.4692.71 Safari/537.36","DataSize":3716,"HostName":"LIN","IP":"::1","Method":"GET","Path":"/swagger/index.html","SpendTime":"0 ms","level":"info","msg":"","status":200,"time":"2022-01-11 23:46:38"}
{"Agent":"Mozilla/5.0 (Macintosh; Intel Mac OS X 10_15_7) AppleWebKit/537.36 (KHTML, like Gecko) Chrome/97.0.4692.71 Safari/537.36","DataSize":154240,"HostName":"LIN","IP":"::1","Method":"GET","Path":"/swagger/swagger-ui.css","SpendTime":"0 ms","level":"info","msg":"","status":200,"time":"2022-01-11 23:46:38"}
{"Agent":"Mozilla/5.0 (Macintosh; Intel Mac OS X 10_15_7) AppleWebKit/537.36 (KHTML, like Gecko) Chrome/97.0.4692.71 Safari/537.36","DataSize":329622,"HostName":"LIN","IP":"::1","Method":"GET","Path":"/swagger/swagger-ui-standalone-preset.js","SpendTime":"0 ms","level":"info","msg":"","status":200,"time":"2022-01-11 23:46:38"}
{"Agent":"Mozilla/5.0 (Macintosh; Intel Mac OS X 10_15_7) AppleWebKit/537.36 (KHTML, like Gecko) Chrome/97.0.4692.71 Safari/537.36","DataSize":962278,"HostName":"LIN","IP":"::1","Method":"GET","Path":"/swagger/swagger-ui-bundle.js","SpendTime":"6 ms","level":"info","msg":"","status":200,"time":"2022-01-11 23:46:38"}
{"Agent":"Mozilla/5.0 (Macintosh; Intel Mac OS X 10_15_7) AppleWebKit/537.36 (KHTML, like Gecko) Chrome/97.0.4692.71 Safari/537.36","DataSize":4022,"HostName":"LIN","IP":"::1","Method":"GET","Path":"/swagger/doc.json","SpendTime":"0 ms","level":"info","msg":"","status":200,"time":"2022-01-11 23:46:39"}
{"Agent":"Mozilla/5.0 (Macintosh; Intel Mac OS X 10_15_7) AppleWebKit/537.36 (KHTML, like Gecko) Chrome/97.0.4692.71 Safari/537.36","DataSize":628,"HostName":"LIN","IP":"::1","Method":"GET","Path":"/swagger/favicon-32x32.png","SpendTime":"0 ms","level":"info","msg":"","status":200,"time":"2022-01-11 23:46:40"}
{"Agent":"Mozilla/5.0 (Macintosh; Intel Mac OS X 10_15_7) AppleWebKit/537.36 (KHTML, like Gecko) Chrome/97.0.4692.71 Safari/537.36","DataSize":3716,"HostName":"LIN","IP":"::1","Method":"GET","Path":"/swagger/index.html","SpendTime":"3 ms","level":"info","msg":"","status":200,"time":"2022-01-11 23:55:00"}
{"Agent":"Mozilla/5.0 (Macintosh; Intel Mac OS X 10_15_7) AppleWebKit/537.36 (KHTML, like Gecko) Chrome/97.0.4692.71 Safari/537.36","DataSize":154240,"HostName":"LIN","IP":"::1","Method":"GET","Path":"/swagger/swagger-ui.css","SpendTime":"0 ms","level":"info","msg":"","status":200,"time":"2022-01-11 23:55:01"}
{"Agent":"Mozilla/5.0 (Macintosh; Intel Mac OS X 10_15_7) AppleWebKit/537.36 (KHTML, like Gecko) Chrome/97.0.4692.71 Safari/537.36","DataSize":329622,"HostName":"LIN","IP":"::1","Method":"GET","Path":"/swagger/swagger-ui-standalone-preset.js","SpendTime":"0 ms","level":"info","msg":"","status":200,"time":"2022-01-11 23:55:01"}
{"Agent":"Mozilla/5.0 (Macintosh; Intel Mac OS X 10_15_7) AppleWebKit/537.36 (KHTML, like Gecko) Chrome/97.0.4692.71 Safari/537.36","DataSize":962278,"HostName":"LIN","IP":"::1","Method":"GET","Path":"/swagger/swagger-ui-bundle.js","SpendTime":"1 ms","level":"info","msg":"","status":200,"time":"2022-01-11 23:55:01"}
{"Agent":"Mozilla/5.0 (Macintosh; Intel Mac OS X 10_15_7) AppleWebKit/537.36 (KHTML, like Gecko) Chrome/97.0.4692.71 Safari/537.36","DataSize":4022,"HostName":"LIN","IP":"::1","Method":"GET","Path":"/swagger/doc.json","SpendTime":"0 ms","level":"info","msg":"","status":200,"time":"2022-01-11 23:55:01"}
{"Agent":"Mozilla/5.0 (Macintosh; Intel Mac OS X 10_15_7) AppleWebKit/537.36 (KHTML, like Gecko) Chrome/97.0.4692.71 Safari/537.36","DataSize":628,"HostName":"LIN","IP":"::1","Method":"GET","Path":"/swagger/favicon-32x32.png","SpendTime":"0 ms","level":"info","msg":"","status":200,"time":"2022-01-11 23:55:02"}
{"Agent":"Mozilla/5.0 (Macintosh; Intel Mac OS X 10_15_7) AppleWebKit/537.36 (KHTML, like Gecko) Chrome/97.0.4692.71 Safari/537.36","DataSize":3716,"HostName":"LIN","IP":"::1","Method":"GET","Path":"/swagger/index.html","SpendTime":"0 ms","level":"info","msg":"","status":200,"time":"2022-01-11 23:55:09"}
{"Agent":"Mozilla/5.0 (Macintosh; Intel Mac OS X 10_15_7) AppleWebKit/537.36 (KHTML, like Gecko) Chrome/97.0.4692.71 Safari/537.36","DataSize":0,"HostName":"LIN","IP":"::1","Method":"GET","Path":"/swagger/swagger-ui.css","SpendTime":"0 ms","level":"info","msg":"","status":304,"time":"2022-01-11 23:55:09"}
{"Agent":"Mozilla/5.0 (Macintosh; Intel Mac OS X 10_15_7) AppleWebKit/537.36 (KHTML, like Gecko) Chrome/97.0.4692.71 Safari/537.36","DataSize":0,"HostName":"LIN","IP":"::1","Method":"GET","Path":"/swagger/swagger-ui-bundle.js","SpendTime":"0 ms","level":"info","msg":"","status":304,"time":"2022-01-11 23:55:09"}
{"Agent":"Mozilla/5.0 (Macintosh; Intel Mac OS X 10_15_7) AppleWebKit/537.36 (KHTML, like Gecko) Chrome/97.0.4692.71 Safari/537.36","DataSize":0,"HostName":"LIN","IP":"::1","Method":"GET","Path":"/swagger/swagger-ui-standalone-preset.js","SpendTime":"0 ms","level":"info","msg":"","status":304,"time":"2022-01-11 23:55:09"}
{"Agent":"Mozilla/5.0 (Macintosh; Intel Mac OS X 10_15_7) AppleWebKit/537.36 (KHTML, like Gecko) Chrome/97.0.4692.71 Safari/537.36","DataSize":4022,"HostName":"LIN","IP":"::1","Method":"GET","Path":"/swagger/doc.json","SpendTime":"0 ms","level":"info","msg":"","status":200,"time":"2022-01-11 23:55:09"}
{"Agent":"Mozilla/5.0 (Macintosh; Intel Mac OS X 10_15_7) AppleWebKit/537.36 (KHTML, like Gecko) Chrome/97.0.4692.71 Safari/537.36","DataSize":0,"HostName":"LIN","IP":"::1","Method":"GET","Path":"/swagger/favicon-32x32.png","SpendTime":"0 ms","level":"info","msg":"","status":304,"time":"2022-01-11 23:55:09"}
{"Agent":"Mozilla/5.0 (Macintosh; Intel Mac OS X 10_15_7) AppleWebKit/537.36 (KHTML, like Gecko) Chrome/97.0.4692.71 Safari/537.36","DataSize":3716,"HostName":"LIN","IP":"::1","Method":"GET","Path":"/swagger/index.html","SpendTime":"0 ms","level":"info","msg":"","status":200,"time":"2022-01-11 23:55:50"}
{"Agent":"Mozilla/5.0 (Macintosh; Intel Mac OS X 10_15_7) AppleWebKit/537.36 (KHTML, like Gecko) Chrome/97.0.4692.71 Safari/537.36","DataSize":154240,"HostName":"LIN","IP":"::1","Method":"GET","Path":"/swagger/swagger-ui.css","SpendTime":"0 ms","level":"info","msg":"","status":200,"time":"2022-01-11 23:55:50"}
{"Agent":"Mozilla/5.0 (Macintosh; Intel Mac OS X 10_15_7) AppleWebKit/537.36 (KHTML, like Gecko) Chrome/97.0.4692.71 Safari/537.36","DataSize":329622,"HostName":"LIN","IP":"::1","Method":"GET","Path":"/swagger/swagger-ui-standalone-preset.js","SpendTime":"0 ms","level":"info","msg":"","status":200,"time":"2022-01-11 23:55:50"}
{"Agent":"Mozilla/5.0 (Macintosh; Intel Mac OS X 10_15_7) AppleWebKit/537.36 (KHTML, like Gecko) Chrome/97.0.4692.71 Safari/537.36","DataSize":962278,"HostName":"LIN","IP":"::1","Method":"GET","Path":"/swagger/swagger-ui-bundle.js","SpendTime":"5 ms","level":"info","msg":"","status":200,"time":"2022-01-11 23:55:50"}
{"Agent":"Mozilla/5.0 (Macintosh; Intel Mac OS X 10_15_7) AppleWebKit/537.36 (KHTML, like Gecko) Chrome/97.0.4692.71 Safari/537.36","DataSize":4022,"HostName":"LIN","IP":"::1","Method":"GET","Path":"/swagger/doc.json","SpendTime":"0 ms","level":"info","msg":"","status":200,"time":"2022-01-11 23:55:51"}
{"Agent":"Mozilla/5.0 (Macintosh; Intel Mac OS X 10_15_7) AppleWebKit/537.36 (KHTML, like Gecko) Chrome/97.0.4692.71 Safari/537.36","DataSize":628,"HostName":"LIN","IP":"::1","Method":"GET","Path":"/swagger/favicon-32x32.png","SpendTime":"0 ms","level":"info","msg":"","status":200,"time":"2022-01-11 23:55:51"}
{"Agent":"Mozilla/5.0 (Macintosh; Intel Mac OS X 10_15_7) AppleWebKit/537.36 (KHTML, like Gecko) Chrome/97.0.4692.71 Safari/537.36","DataSize":3716,"HostName":"LIN","IP":"::1","Method":"GET","Path":"/swagger/index.html","SpendTime":"0 ms","level":"info","msg":"","status":200,"time":"2022-01-11 23:55:56"}
{"Agent":"Mozilla/5.0 (Macintosh; Intel Mac OS X 10_15_7) AppleWebKit/537.36 (KHTML, like Gecko) Chrome/97.0.4692.71 Safari/537.36","DataSize":0,"HostName":"LIN","IP":"::1","Method":"GET","Path":"/swagger/swagger-ui.css","SpendTime":"0 ms","level":"info","msg":"","status":304,"time":"2022-01-11 23:55:56"}
{"Agent":"Mozilla/5.0 (Macintosh; Intel Mac OS X 10_15_7) AppleWebKit/537.36 (KHTML, like Gecko) Chrome/97.0.4692.71 Safari/537.36","DataSize":0,"HostName":"LIN","IP":"::1","Method":"GET","Path":"/swagger/swagger-ui-standalone-preset.js","SpendTime":"0 ms","level":"info","msg":"","status":304,"time":"2022-01-11 23:55:56"}
{"Agent":"Mozilla/5.0 (Macintosh; Intel Mac OS X 10_15_7) AppleWebKit/537.36 (KHTML, like Gecko) Chrome/97.0.4692.71 Safari/537.36","DataSize":0,"HostName":"LIN","IP":"::1","Method":"GET","Path":"/swagger/swagger-ui-bundle.js","SpendTime":"0 ms","level":"info","msg":"","status":304,"time":"2022-01-11 23:55:56"}
{"Agent":"Mozilla/5.0 (Macintosh; Intel Mac OS X 10_15_7) AppleWebKit/537.36 (KHTML, like Gecko) Chrome/97.0.4692.71 Safari/537.36","DataSize":4022,"HostName":"LIN","IP":"::1","Method":"GET","Path":"/swagger/doc.json","SpendTime":"0 ms","level":"info","msg":"","status":200,"time":"2022-01-11 23:55:57"}
{"Agent":"Mozilla/5.0 (Macintosh; Intel Mac OS X 10_15_7) AppleWebKit/537.36 (KHTML, like Gecko) Chrome/97.0.4692.71 Safari/537.36","DataSize":0,"HostName":"LIN","IP":"::1","Method":"GET","Path":"/swagger/favicon-32x32.png","SpendTime":"0 ms","level":"info","msg":"","status":304,"time":"2022-01-11 23:55:57"}
{"Agent":"Mozilla/5.0 (Macintosh; Intel Mac OS X 10_15_7) AppleWebKit/537.36 (KHTML, like Gecko) Chrome/97.0.4692.71 Safari/537.36","DataSize":3716,"HostName":"LIN","IP":"::1","Method":"GET","Path":"/swagger/index.html","SpendTime":"4 ms","level":"info","msg":"","status":200,"time":"2022-01-11 23:56:14"}
{"Agent":"Mozilla/5.0 (Macintosh; Intel Mac OS X 10_15_7) AppleWebKit/537.36 (KHTML, like Gecko) Chrome/97.0.4692.71 Safari/537.36","DataSize":154240,"HostName":"LIN","IP":"::1","Method":"GET","Path":"/swagger/swagger-ui.css","SpendTime":"0 ms","level":"info","msg":"","status":200,"time":"2022-01-11 23:56:14"}
{"Agent":"Mozilla/5.0 (Macintosh; Intel Mac OS X 10_15_7) AppleWebKit/537.36 (KHTML, like Gecko) Chrome/97.0.4692.71 Safari/537.36","DataSize":329622,"HostName":"LIN","IP":"::1","Method":"GET","Path":"/swagger/swagger-ui-standalone-preset.js","SpendTime":"0 ms","level":"info","msg":"","status":200,"time":"2022-01-11 23:56:14"}
{"Agent":"Mozilla/5.0 (Macintosh; Intel Mac OS X 10_15_7) AppleWebKit/537.36 (KHTML, like Gecko) Chrome/97.0.4692.71 Safari/537.36","DataSize":962278,"HostName":"LIN","IP":"::1","Method":"GET","Path":"/swagger/swagger-ui-bundle.js","SpendTime":"5 ms","level":"info","msg":"","status":200,"time":"2022-01-11 23:56:14"}
{"Agent":"Mozilla/5.0 (Macintosh; Intel Mac OS X 10_15_7) AppleWebKit/537.36 (KHTML, like Gecko) Chrome/97.0.4692.71 Safari/537.36","DataSize":4066,"HostName":"LIN","IP":"::1","Method":"GET","Path":"/swagger/doc.json","SpendTime":"0 ms","level":"info","msg":"","status":200,"time":"2022-01-11 23:56:15"}
{"Agent":"Mozilla/5.0 (Macintosh; Intel Mac OS X 10_15_7) AppleWebKit/537.36 (KHTML, like Gecko) Chrome/97.0.4692.71 Safari/537.36","DataSize":628,"HostName":"LIN","IP":"::1","Method":"GET","Path":"/swagger/favicon-32x32.png","SpendTime":"0 ms","level":"info","msg":"","status":200,"time":"2022-01-11 23:56:16"}
